<?xml version="1.0" encoding="UTF-8" ?>
<testsuite tests="14" failures="2" name="TestSuite" time="336.339" errors="0" skipped="2">
  <properties>
[...]
</properties>
  <testcase classname="systaem.qa.tests.AdminTest" name="setUp" time="100.075">
    <failure message="unknown error: DevToolsActivePort file doesn&apos;t exist
Build info: version: &apos;3.14.0&apos;, revision: &apos;aacccce0&apos;, time: &apos;2018-08-02T20:19:58.91Z&apos;
System info: host: &apos;Mathiyaparanams.local&apos;, ip: &apos;192.168.0.11&apos;, os.name: &apos;Mac OS X&apos;, os.arch: &apos;x86_64&apos;, os.version: &apos;10.13.6&apos;, java.version: &apos;11.0.12&apos;
Driver info: driver.version: ChromeDriver
remote stacktrace: 0   chromedriver                        0x0000000103471519 __gxx_personality_v0 + 577193
1   chromedriver                        0x00000001033fd663 __gxx_personality_v0 + 102387
2   chromedriver                        0x0000000102fc4d28 chromedriver + 171304
3   chromedriver                        0x0000000102fea42c chromedriver + 324652
4   chromedriver                        0x0000000102fe6c42 chromedriver + 310338
5   chromedriver                        0x0000000102fe35a6 chromedriver + 296358
6   chromedriver                        0x000000010301ce4d chromedriver + 532045
7   chromedriver                        0x0000000103016ba3 chromedriver + 506787
8   chromedriver                        0x0000000102fed5ae chromedriver + 337326
9   chromedriver                        0x0000000102fee8d5 chromedriver + 342229
10  chromedriver                        0x000000010342d75f __gxx_personality_v0 + 299247
11  chromedriver                        0x000000010344469a __gxx_personality_v0 + 393258
12  chromedriver                        0x0000000103449f5b __gxx_personality_v0 + 415979
13  chromedriver                        0x0000000103445a3a __gxx_personality_v0 + 398282
14  chromedriver                        0x000000010342237c __gxx_personality_v0 + 253196
15  chromedriver                        0x0000000103461458 __gxx_personality_v0 + 511464
16  chromedriver                        0x00000001034615e1 __gxx_personality_v0 + 511857
17  chromedriver                        0x0000000103478968 __gxx_personality_v0 + 606968
18  libsystem_pthread.dylib             0x00007fff7716f661 _pthread_body + 340
19  libsystem_pthread.dylib             0x00007fff7716f50d _pthread_body + 0
20  libsystem_pthread.dylib             0x00007fff7716ebf9 thread_start + 13
" type="org.openqa.selenium.WebDriverException">org.openqa.selenium.WebDriverException: unknown error: DevToolsActivePort file doesn&apos;t exist
Build info: version: &apos;3.14.0&apos;, revision: &apos;aacccce0&apos;, time: &apos;2018-08-02T20:19:58.91Z&apos;
System info: host: &apos;Mathiyaparanams.local&apos;, ip: &apos;192.168.0.11&apos;, os.name: &apos;Mac OS X&apos;, os.arch: &apos;x86_64&apos;, os.version: &apos;10.13.6&apos;, java.version: &apos;11.0.12&apos;
Driver info: driver.version: ChromeDriver
remote stacktrace: 0   chromedriver                        0x0000000103471519 __gxx_personality_v0 + 577193
1   chromedriver                        0x00000001033fd663 __gxx_personality_v0 + 102387
2   chromedriver                        0x0000000102fc4d28 chromedriver + 171304
3   chromedriver                        0x0000000102fea42c chromedriver + 324652
4   chromedriver                        0x0000000102fe6c42 chromedriver + 310338
5   chromedriver                        0x0000000102fe35a6 chromedriver + 296358
6   chromedriver                        0x000000010301ce4d chromedriver + 532045
7   chromedriver                        0x0000000103016ba3 chromedriver + 506787
8   chromedriver                        0x0000000102fed5ae chromedriver + 337326
9   chromedriver                        0x0000000102fee8d5 chromedriver + 342229
10  chromedriver                        0x000000010342d75f __gxx_personality_v0 + 299247
11  chromedriver                        0x000000010344469a __gxx_personality_v0 + 393258
12  chromedriver                        0x0000000103449f5b __gxx_personality_v0 + 415979
13  chromedriver                        0x0000000103445a3a __gxx_personality_v0 + 398282
14  chromedriver                        0x000000010342237c __gxx_personality_v0 + 253196
15  chromedriver                        0x0000000103461458 __gxx_personality_v0 + 511464
16  chromedriver                        0x00000001034615e1 __gxx_personality_v0 + 511857
17  chromedriver                        0x0000000103478968 __gxx_personality_v0 + 606968
18  libsystem_pthread.dylib             0x00007fff7716f661 _pthread_body + 340
19  libsystem_pthread.dylib             0x00007fff7716f50d _pthread_body + 0
20  libsystem_pthread.dylib             0x00007fff7716ebf9 thread_start + 13
	at java.base/jdk.internal.reflect.NativeConstructorAccessorImpl.newInstance0(Native Method)
	at java.base/jdk.internal.reflect.NativeConstructorAccessorImpl.newInstance(NativeConstructorAccessorImpl.java:62)
	at java.base/jdk.internal.reflect.DelegatingConstructorAccessorImpl.newInstance(DelegatingConstructorAccessorImpl.java:45)
	at java.base/java.lang.reflect.Constructor.newInstance(Constructor.java:490)
	at org.openqa.selenium.remote.W3CHandshakeResponse.lambda$new$0(W3CHandshakeResponse.java:57)
	at org.openqa.selenium.remote.W3CHandshakeResponse.lambda$getResponseFunction$2(W3CHandshakeResponse.java:104)
	at org.openqa.selenium.remote.ProtocolHandshake.lambda$createSession$0(ProtocolHandshake.java:122)
	at java.base/java.util.stream.ReferencePipeline$3$1.accept(ReferencePipeline.java:195)
	at java.base/java.util.Spliterators$ArraySpliterator.tryAdvance(Spliterators.java:958)
	at java.base/java.util.stream.ReferencePipeline.forEachWithCancel(ReferencePipeline.java:127)
	at java.base/java.util.stream.AbstractPipeline.copyIntoWithCancel(AbstractPipeline.java:502)
	at java.base/java.util.stream.AbstractPipeline.copyInto(AbstractPipeline.java:488)
	at java.base/java.util.stream.AbstractPipeline.wrapAndCopyInto(AbstractPipeline.java:474)
	at java.base/java.util.stream.FindOps$FindOp.evaluateSequential(FindOps.java:150)
	at java.base/java.util.stream.AbstractPipeline.evaluate(AbstractPipeline.java:234)
	at java.base/java.util.stream.ReferencePipeline.findFirst(ReferencePipeline.java:543)
	at org.openqa.selenium.remote.ProtocolHandshake.createSession(ProtocolHandshake.java:125)
	at org.openqa.selenium.remote.ProtocolHandshake.createSession(ProtocolHandshake.java:73)
	at org.openqa.selenium.remote.HttpCommandExecutor.execute(HttpCommandExecutor.java:136)
	at org.openqa.selenium.remote.service.DriverCommandExecutor.execute(DriverCommandExecutor.java:83)
	at org.openqa.selenium.remote.RemoteWebDriver.execute(RemoteWebDriver.java:548)
	at org.openqa.selenium.remote.RemoteWebDriver.startSession(RemoteWebDriver.java:212)
	at org.openqa.selenium.remote.RemoteWebDriver.&lt;init&gt;(RemoteWebDriver.java:130)
	at org.openqa.selenium.chrome.ChromeDriver.&lt;init&gt;(ChromeDriver.java:181)
	at org.openqa.selenium.chrome.ChromeDriver.&lt;init&gt;(ChromeDriver.java:168)
	at org.openqa.selenium.chrome.ChromeDriver.&lt;init&gt;(ChromeDriver.java:123)
	at system.qa.base.BasePage.initialization(BasePage.java:41)
	at systaem.qa.tests.AdminTest.setUp(AdminTest.java:27)
</failure>
    <system-out>Configuring TestNG with: org.apache.maven.surefire.testng.conf.TestNG652Configurator@7f13d6e
</system-out>
    <system-err>Starting ChromeDriver 95.0.4638.69 (6a1600ed572fedecd573b6c2b90a22fe6392a410-refs/branch-heads/4638@{#984}) on port 3233
Only local connections are allowed.
Please see https://chromedriver.chromium.org/security-considerations for suggestions on keeping ChromeDriver safe.
ChromeDriver was started successfully.
</system-err>
  </testcase>
  <testcase classname="systaem.qa.tests.AdminTest" name="test" time="100.077">
    <skipped/>
  </testcase>
  <testcase classname="systaem.qa.tests.AdminTest" name="close" time="100.077">
    <skipped/>
  </testcase>
  <testcase classname="systaem.qa.tests.DashboardTest" name="check_secondQuote" time="1.44"/>
  <testcase classname="systaem.qa.tests.DashboardTest" name="chekQuickLaunch" time="9.445"/>
  <testcase classname="systaem.qa.tests.DashboardTest" name="clickAdmin" time="1.646"/>
  <testcase classname="systaem.qa.tests.DashboardTest" name="clickPim" time="1.302"/>
  <testcase classname="systaem.qa.tests.LoginPageTest" name="test" time="3.011"/>
  <testcase classname="systaem.qa.tests.PimPageTest" name="add_Data" time="2.011"/>
  <testcase classname="systaem.qa.tests.PimPageTest" name="add_Data" time="1.72"/>
  <testcase classname="systaem.qa.tests.PimPageTest" name="add_Data" time="1.616"/>
  <testcase classname="systaem.qa.tests.PimPageTest" name="add_Data" time="1.797"/>
  <testcase classname="systaem.qa.tests.PimPageTest" name="add_Data" time="1.627"/>
  <testcase classname="systaem.qa.tests.PimPageTest" name="verify_addedData" time="10.495">
    <failure message="no such element: Unable to locate element: {&quot;method&quot;:&quot;xpath&quot;,&quot;selector&quot;:&quot;(//td/a[contains(text(),&apos;saji&apos;)])[1]&quot;}
  (Session info: chrome=96.0.4664.110)
For documentation on this error, please visit: http://seleniumhq.org/exceptions/no_such_element.html
Build info: version: &apos;3.14.0&apos;, revision: &apos;aacccce0&apos;, time: &apos;2018-08-02T20:19:58.91Z&apos;
System info: host: &apos;Mathiyaparanams.local&apos;, ip: &apos;192.168.0.11&apos;, os.name: &apos;Mac OS X&apos;, os.arch: &apos;x86_64&apos;, os.version: &apos;10.13.6&apos;, java.version: &apos;11.0.12&apos;
Driver info: org.openqa.selenium.chrome.ChromeDriver
Capabilities {acceptInsecureCerts: false, browserName: chrome, browserVersion: 96.0.4664.110, chrome: {chromedriverVersion: 95.0.4638.69 (6a1600ed572fe..., userDataDir: /var/folders/f3/1p1p2c09213...}, goog:chromeOptions: {debuggerAddress: localhost:65482}, javascriptEnabled: true, networkConnectionEnabled: false, pageLoadStrategy: normal, platform: MAC, platformName: MAC, proxy: Proxy(), setWindowRect: true, strictFileInteractability: false, timeouts: {implicit: 0, pageLoad: 300000, script: 30000}, unhandledPromptBehavior: dismiss and notify, webauthn:extension:credBlob: true, webauthn:extension:largeBlob: true, webauthn:virtualAuthenticators: true}
Session ID: 4373bd40118454114ec75464c9839b54
*** Element info: {Using=xpath, value=(//td/a[contains(text(),&apos;saji&apos;)])[1]}" type="org.openqa.selenium.NoSuchElementException">org.openqa.selenium.NoSuchElementException: no such element: Unable to locate element: {&quot;method&quot;:&quot;xpath&quot;,&quot;selector&quot;:&quot;(//td/a[contains(text(),&apos;saji&apos;)])[1]&quot;}
  (Session info: chrome=96.0.4664.110)
For documentation on this error, please visit: http://seleniumhq.org/exceptions/no_such_element.html
Build info: version: &apos;3.14.0&apos;, revision: &apos;aacccce0&apos;, time: &apos;2018-08-02T20:19:58.91Z&apos;
System info: host: &apos;Mathiyaparanams.local&apos;, ip: &apos;192.168.0.11&apos;, os.name: &apos;Mac OS X&apos;, os.arch: &apos;x86_64&apos;, os.version: &apos;10.13.6&apos;, java.version: &apos;11.0.12&apos;
Driver info: org.openqa.selenium.chrome.ChromeDriver
Capabilities {acceptInsecureCerts: false, browserName: chrome, browserVersion: 96.0.4664.110, chrome: {chromedriverVersion: 95.0.4638.69 (6a1600ed572fe..., userDataDir: /var/folders/f3/1p1p2c09213...}, goog:chromeOptions: {debuggerAddress: localhost:65482}, javascriptEnabled: true, networkConnectionEnabled: false, pageLoadStrategy: normal, platform: MAC, platformName: MAC, proxy: Proxy(), setWindowRect: true, strictFileInteractability: false, timeouts: {implicit: 0, pageLoad: 300000, script: 30000}, unhandledPromptBehavior: dismiss and notify, webauthn:extension:credBlob: true, webauthn:extension:largeBlob: true, webauthn:virtualAuthenticators: true}
Session ID: 4373bd40118454114ec75464c9839b54
*** Element info: {Using=xpath, value=(//td/a[contains(text(),&apos;saji&apos;)])[1]}
	at java.base/jdk.internal.reflect.NativeConstructorAccessorImpl.newInstance0(Native Method)
	at java.base/jdk.internal.reflect.NativeConstructorAccessorImpl.newInstance(NativeConstructorAccessorImpl.java:62)
	at java.base/jdk.internal.reflect.DelegatingConstructorAccessorImpl.newInstance(DelegatingConstructorAccessorImpl.java:45)
	at java.base/java.lang.reflect.Constructor.newInstance(Constructor.java:490)
	at org.openqa.selenium.remote.http.W3CHttpResponseCodec.createException(W3CHttpResponseCodec.java:187)
	at org.openqa.selenium.remote.http.W3CHttpResponseCodec.decode(W3CHttpResponseCodec.java:122)
	at org.openqa.selenium.remote.http.W3CHttpResponseCodec.decode(W3CHttpResponseCodec.java:49)
	at org.openqa.selenium.remote.HttpCommandExecutor.execute(HttpCommandExecutor.java:158)
	at org.openqa.selenium.remote.service.DriverCommandExecutor.execute(DriverCommandExecutor.java:83)
	at org.openqa.selenium.remote.RemoteWebDriver.execute(RemoteWebDriver.java:548)
	at org.openqa.selenium.remote.RemoteWebDriver.findElement(RemoteWebDriver.java:322)
	at org.openqa.selenium.remote.RemoteWebDriver.findElementByXPath(RemoteWebDriver.java:424)
	at org.openqa.selenium.By$ByXPath.findElement(By.java:353)
	at org.openqa.selenium.remote.RemoteWebDriver.findElement(RemoteWebDriver.java:314)
	at jdk.internal.reflect.GeneratedMethodAccessor5.invoke(Unknown Source)
	at java.base/jdk.internal.reflect.DelegatingMethodAccessorImpl.invoke(DelegatingMethodAccessorImpl.java:43)
	at java.base/java.lang.reflect.Method.invoke(Method.java:566)
	at org.openqa.selenium.support.events.EventFiringWebDriver.lambda$new$1(EventFiringWebDriver.java:105)
	at com.sun.proxy.$Proxy11.findElement(Unknown Source)
	at org.openqa.selenium.support.events.EventFiringWebDriver.findElement(EventFiringWebDriver.java:194)
	at system.qa.pages.PimPage.verifyAddedData(PimPage.java:55)
	at systaem.qa.tests.PimPageTest.verify_addedData(PimPageTest.java:55)
</failure>
    <system-out>Before Navigating to : https://opensource-demo.orangehrmlive.com/
Navigated to : https://opensource-demo.orangehrmlive.com/
Trying to find element in xpath: By.name: txtUsername
Found element in xpath: By.name: txtUsername
Value of [[ChromeDriver: chrome on MAC (4373bd40118454114ec75464c9839b54)] -&gt; name: txtUsername] before changing value
After changing value [[ChromeDriver: chrome on MAC (4373bd40118454114ec75464c9839b54)] -&gt; name: txtUsername]
Trying to find element in xpath: By.name: txtPassword
Found element in xpath: By.name: txtPassword
Value of [[ChromeDriver: chrome on MAC (4373bd40118454114ec75464c9839b54)] -&gt; name: txtPassword] before changing value
After changing value [[ChromeDriver: chrome on MAC (4373bd40118454114ec75464c9839b54)] -&gt; name: txtPassword]
Trying to find element in xpath: By.cssSelector: div#divLoginButton  input#btnLogin
Found element in xpath: By.cssSelector: div#divLoginButton  input#btnLogin
Trying to click on: [[ChromeDriver: chrome on MAC (4373bd40118454114ec75464c9839b54)] -&gt; css selector: div#divLoginButton  input#btnLogin]
 Clicked on: [[ChromeDriver: chrome on MAC (4373bd40118454114ec75464c9839b54)] -&gt; css selector: div#divLoginButton  input#btnLogin]
Trying to find element in xpath: By.id: menu_pim_viewPimModule
Found element in xpath: By.id: menu_pim_viewPimModule
Trying to click on: [[ChromeDriver: chrome on MAC (4373bd40118454114ec75464c9839b54)] -&gt; id: menu_pim_viewPimModule]
 Clicked on: [[ChromeDriver: chrome on MAC (4373bd40118454114ec75464c9839b54)] -&gt; id: menu_pim_viewPimModule]
Trying to find element in xpath: By.xpath: (//td/a[contains(text(),&apos;saji&apos;)])[1]
Exception occurred : org.openqa.selenium.NoSuchElementException: no such element: Unable to locate element: {&quot;method&quot;:&quot;xpath&quot;,&quot;selector&quot;:&quot;(//td/a[contains(text(),&apos;saji&apos;)])[1]&quot;}
  (Session info: chrome=96.0.4664.110)
For documentation on this error, please visit: http://seleniumhq.org/exceptions/no_such_element.html
Build info: version: &apos;3.14.0&apos;, revision: &apos;aacccce0&apos;, time: &apos;2018-08-02T20:19:58.91Z&apos;
System info: host: &apos;Mathiyaparanams.local&apos;, ip: &apos;192.168.0.11&apos;, os.name: &apos;Mac OS X&apos;, os.arch: &apos;x86_64&apos;, os.version: &apos;10.13.6&apos;, java.version: &apos;11.0.12&apos;
Driver info: org.openqa.selenium.chrome.ChromeDriver
Capabilities {acceptInsecureCerts: false, browserName: chrome, browserVersion: 96.0.4664.110, chrome: {chromedriverVersion: 95.0.4638.69 (6a1600ed572fe..., userDataDir: /var/folders/f3/1p1p2c09213...}, goog:chromeOptions: {debuggerAddress: localhost:65482}, javascriptEnabled: true, networkConnectionEnabled: false, pageLoadStrategy: normal, platform: MAC, platformName: MAC, proxy: Proxy(), setWindowRect: true, strictFileInteractability: false, timeouts: {implicit: 0, pageLoad: 300000, script: 30000}, unhandledPromptBehavior: dismiss and notify, webauthn:extension:credBlob: true, webauthn:extension:largeBlob: true, webauthn:virtualAuthenticators: true}
Session ID: 4373bd40118454114ec75464c9839b54
*** Element info: {Using=xpath, value=(//td/a[contains(text(),&apos;saji&apos;)])[1]}
</system-out>
    <system-err>Starting ChromeDriver 95.0.4638.69 (6a1600ed572fedecd573b6c2b90a22fe6392a410-refs/branch-heads/4638@{#984}) on port 40363
Only local connections are allowed.
Please see https://chromedriver.chromium.org/security-considerations for suggestions on keeping ChromeDriver safe.
ChromeDriver was started successfully.
[1640169013.572][WARNING]: This version of ChromeDriver has not been tested with Chrome version 96.
Dec 22, 2021 10:30:13 AM org.openqa.selenium.remote.ProtocolHandshake createSession
INFO: Detected dialect: W3C
</system-err>
  </testcase>
</testsuite>